TN:
SF:src\middlewares\auth.ts
FN:6,authenticate
FNF:1
FNH:1
FNDA:4,authenticate
DA:2,1
DA:3,1
DA:6,1
DA:7,4
DA:8,4
DA:9,3
DA:10,3
DA:11,1
DA:12,1
DA:13,1
DA:15,2
LF:11
LH:11
BRDA:8,0,0,1
BRDA:8,0,1,3
BRF:2
BRH:2
end_of_record
TN:
SF:src\modules\auth\controllers\auth.controller.ts
FN:7,register
FN:14,login
FN:22,socialLogin
FN:30,logout
FN:34,me
FNF:5
FNH:0
FNDA:0,register
FNDA:0,login
FNDA:0,socialLogin
FNDA:0,logout
FNDA:0,me
DA:2,0
DA:4,0
DA:7,0
DA:8,0
DA:9,0
DA:10,0
DA:11,0
DA:14,0
DA:15,0
DA:16,0
DA:17,0
DA:18,0
DA:19,0
DA:22,0
DA:23,0
DA:24,0
DA:25,0
DA:26,0
DA:27,0
DA:30,0
DA:31,0
DA:34,0
DA:35,0
DA:36,0
DA:37,0
DA:38,0
DA:39,0
LF:27
LH:0
BRDA:37,0,0,0
BRDA:37,0,1,0
BRF:2
BRH:0
end_of_record
TN:
SF:src\modules\auth\services\auth.service.ts
FN:8,signToken
FN:12,register
FN:31,login
FN:40,socialLogin
FN:55,verifySocialToken
FN:71,sanitize
FNF:6
FNH:4
FNDA:2,signToken
FNDA:2,register
FNDA:5,login
FNDA:0,socialLogin
FNDA:0,verifySocialToken
FNDA:3,sanitize
DA:1,1
DA:2,1
DA:3,1
DA:4,1
DA:6,1
DA:9,2
DA:12,1
DA:16,2
DA:17,2
DA:19,1
DA:20,1
DA:27,1
DA:28,1
DA:31,1
DA:32,5
DA:33,5
DA:34,3
DA:35,2
DA:36,2
DA:37,1
DA:40,1
DA:41,0
DA:42,0
DA:43,0
DA:44,0
DA:52,0
DA:56,0
DA:57,0
DA:58,0
DA:59,0
DA:60,0
DA:62,0
DA:63,0
DA:64,0
DA:65,0
DA:66,0
DA:68,0
DA:71,1
DA:72,3
DA:73,3
LF:40
LH:24
BRDA:17,0,0,1
BRDA:17,0,1,1
BRDA:24,1,0,1
BRDA:24,1,1,1
BRDA:33,2,0,2
BRDA:33,2,1,3
BRDA:33,3,0,5
BRDA:33,3,1,4
BRDA:34,4,0,1
BRDA:34,4,1,2
BRDA:36,5,0,1
BRDA:36,5,1,1
BRDA:43,6,0,0
BRDA:43,6,1,0
BRDA:48,7,0,0
BRDA:48,7,1,0
BRDA:56,8,0,0
BRDA:56,8,1,0
BRDA:58,9,0,0
BRDA:58,9,1,0
BRDA:62,10,0,0
BRDA:62,10,1,0
BRDA:64,11,0,0
BRDA:64,11,1,0
BRF:24
BRH:12
end_of_record
TN:
SF:src\modules\conversations\controllers\conversations.controller.ts
FN:6,(anonymous_0)
FN:8,listConversations
FN:23,getOrCreateConversation
FN:38,getMessages
FN:53,sendMessage
FN:76,markAsRead
FNF:6
FNH:0
FNDA:0,(anonymous_0)
FNDA:0,listConversations
FNDA:0,getOrCreateConversation
FNDA:0,getMessages
FNDA:0,sendMessage
FNDA:0,markAsRead
DA:2,0
DA:4,0
DA:6,0
DA:8,0
DA:9,0
DA:10,0
DA:11,0
DA:19,0
DA:20,0
DA:23,0
DA:24,0
DA:25,0
DA:26,0
DA:27,0
DA:28,0
DA:29,0
DA:30,0
DA:31,0
DA:33,0
DA:35,0
DA:38,0
DA:39,0
DA:40,0
DA:41,0
DA:42,0
DA:43,0
DA:49,0
DA:50,0
DA:53,0
DA:54,0
DA:55,0
DA:56,0
DA:57,0
DA:58,0
DA:59,0
DA:60,0
DA:62,0
DA:70,0
DA:72,0
DA:73,0
DA:76,0
DA:77,0
DA:78,0
DA:79,0
DA:80,0
DA:84,0
DA:85,0
LF:47
LH:0
BRDA:6,0,0,0
BRDA:6,0,1,0
BRDA:29,1,0,0
BRDA:29,1,1,0
BRDA:41,2,0,0
BRDA:41,2,1,0
BRDA:42,3,0,0
BRDA:42,3,1,0
BRDA:58,4,0,0
BRDA:58,4,1,0
BRDA:59,5,0,0
BRDA:59,5,1,0
BRF:12
BRH:0
end_of_record
TN:
SF:src\modules\listings\controllers\listings.controller.ts
FN:9,(anonymous_0)
FN:11,listServices
FN:33,(anonymous_2)
FN:43,getService
FN:54,createService
FN:71,updateService
FN:82,deleteService
FN:93,uploadImages
FN:103,(anonymous_8)
FN:109,deleteImage
FN:116,(anonymous_10)
FN:122,incrementView
FN:139,getServicesByUser
FNF:13
FNH:0
FNDA:0,(anonymous_0)
FNDA:0,listServices
FNDA:0,(anonymous_2)
FNDA:0,getService
FNDA:0,createService
FNDA:0,updateService
FNDA:0,deleteService
FNDA:0,uploadImages
FNDA:0,(anonymous_8)
FNDA:0,deleteImage
FNDA:0,(anonymous_10)
FNDA:0,incrementView
FNDA:0,getServicesByUser
DA:2,0
DA:4,0
DA:5,0
DA:7,0
DA:9,0
DA:11,0
DA:12,0
DA:13,0
DA:14,0
DA:15,0
DA:16,0
DA:17,0
DA:18,0
DA:19,0
DA:21,0
DA:31,0
DA:32,0
DA:33,0
DA:34,0
DA:38,0
DA:39,0
DA:40,0
DA:43,0
DA:44,0
DA:45,0
DA:49,0
DA:50,0
DA:51,0
DA:54,0
DA:55,0
DA:56,0
DA:57,0
DA:66,0
DA:67,0
DA:68,0
DA:71,0
DA:72,0
DA:73,0
DA:74,0
DA:75,0
DA:76,0
DA:77,0
DA:78,0
DA:79,0
DA:82,0
DA:83,0
DA:84,0
DA:85,0
DA:86,0
DA:87,0
DA:88,0
DA:89,0
DA:90,0
DA:93,0
DA:94,0
DA:95,0
DA:96,0
DA:97,0
DA:98,0
DA:99,0
DA:100,0
DA:101,0
DA:102,0
DA:103,0
DA:104,0
DA:105,0
DA:106,0
DA:109,0
DA:110,0
DA:111,0
DA:112,0
DA:113,0
DA:114,0
DA:115,0
DA:116,0
DA:117,0
DA:118,0
DA:119,0
DA:122,0
DA:123,0
DA:124,0
DA:125,0
DA:126,0
DA:127,0
DA:128,0
DA:129,0
DA:133,0
DA:135,0
DA:136,0
DA:139,0
DA:140,0
DA:141,0
DA:145,0
DA:146,0
LF:94
LH:0
BRDA:9,0,0,0
BRDA:9,0,1,0
BRDA:13,1,0,0
BRDA:13,1,1,0
BRDA:14,2,0,0
BRDA:14,2,1,0
BRDA:15,3,0,0
BRDA:15,3,1,0
BRDA:16,4,0,0
BRDA:16,4,1,0
BRDA:17,5,0,0
BRDA:17,5,1,0
BRDA:18,6,0,0
BRDA:18,6,1,0
BRDA:19,7,0,0
BRDA:19,7,1,0
BRDA:24,8,0,0
BRDA:24,8,1,0
BRDA:25,9,0,0
BRDA:25,9,1,0
BRDA:31,10,0,0
BRDA:31,10,1,0
BRDA:31,11,0,0
BRDA:31,11,1,0
BRDA:34,12,0,0
BRDA:34,12,1,0
BRDA:34,12,2,0
BRDA:49,13,0,0
BRDA:49,13,1,0
BRDA:62,14,0,0
BRDA:62,14,1,0
BRDA:63,15,0,0
BRDA:63,15,1,0
BRDA:75,16,0,0
BRDA:75,16,1,0
BRDA:76,17,0,0
BRDA:76,17,1,0
BRDA:86,18,0,0
BRDA:86,18,1,0
BRDA:87,19,0,0
BRDA:87,19,1,0
BRDA:97,20,0,0
BRDA:97,20,1,0
BRDA:98,21,0,0
BRDA:98,21,1,0
BRDA:100,22,0,0
BRDA:100,22,1,0
BRDA:102,23,0,0
BRDA:102,23,1,0
BRDA:113,24,0,0
BRDA:113,24,1,0
BRDA:114,25,0,0
BRDA:114,25,1,0
BRDA:128,26,0,0
BRDA:128,26,1,0
BRF:55
BRH:0
end_of_record
TN:
SF:src\modules\map\controllers\map.controller.ts
FN:8,nearbyUsers
FN:16,(anonymous_1)
FN:19,(anonymous_2)
FN:23,nearbyServices
FN:34,(anonymous_4)
FNF:5
FNH:0
FNDA:0,nearbyUsers
FNDA:0,(anonymous_1)
FNDA:0,(anonymous_2)
FNDA:0,nearbyServices
FNDA:0,(anonymous_4)
DA:2,0
DA:4,0
DA:5,0
DA:8,0
DA:9,0
DA:10,0
DA:11,0
DA:12,0
DA:13,0
DA:14,0
DA:15,0
DA:16,0
DA:17,0
DA:19,0
DA:20,0
DA:23,0
DA:24,0
DA:25,0
DA:26,0
DA:27,0
DA:28,0
DA:29,0
DA:33,0
DA:34,0
DA:35,0
DA:37,0
DA:38,0
LF:27
LH:0
BRDA:12,0,0,0
BRDA:12,0,1,0
BRDA:13,1,0,0
BRDA:13,1,1,0
BRDA:13,2,0,0
BRDA:13,2,1,0
BRDA:27,3,0,0
BRDA:27,3,1,0
BRDA:28,4,0,0
BRDA:28,4,1,0
BRDA:28,5,0,0
BRDA:28,5,1,0
BRF:12
BRH:0
end_of_record
TN:
SF:src\modules\matching\controllers\matching.controller.ts
FN:5,recommendations
FNF:1
FNH:0
FNDA:0,recommendations
DA:3,0
DA:5,0
DA:6,0
DA:7,0
DA:8,0
DA:9,0
DA:10,0
LF:7
LH:0
BRDA:7,0,0,0
BRDA:7,1,0,0
BRF:2
BRH:0
end_of_record
TN:
SF:src\modules\matching\services\matching.service.ts
FN:13,getRecommendations
FN:14,(anonymous_1)
FN:21,(anonymous_2)
FN:31,(anonymous_3)
FN:43,(anonymous_4)
FNF:5
FNH:5
FNDA:8,getRecommendations
FNDA:4,(anonymous_1)
FNDA:18,(anonymous_2)
FNDA:6,(anonymous_3)
FNDA:11,(anonymous_4)
DA:1,1
DA:13,1
DA:14,8
DA:16,8
DA:21,8
DA:22,18
DA:23,18
DA:24,18
DA:25,18
DA:26,18
DA:28,18
DA:29,3
DA:30,3
DA:31,6
DA:32,3
DA:35,18
DA:36,18
DA:37,18
DA:39,18
DA:40,18
DA:43,11
LF:21
LH:21
BRDA:13,0,0,7
BRDA:29,1,0,1
BRDA:29,1,1,2
BRDA:30,2,0,2
BRDA:30,2,1,1
BRDA:30,3,0,3
BRDA:30,3,1,2
BRDA:32,4,0,1
BRDA:32,4,1,2
BRDA:35,5,0,16
BRDA:35,5,1,2
BRF:11
BRH:11
end_of_record
TN:
SF:src\modules\notifications\controllers\notifications.controller.ts
FN:5,(anonymous_0)
FN:7,listNotifications
FN:17,markOneRead
FN:27,markAllRead
FNF:4
FNH:0
FNDA:0,(anonymous_0)
FNDA:0,listNotifications
FNDA:0,markOneRead
FNDA:0,markAllRead
DA:2,0
DA:5,0
DA:7,0
DA:8,0
DA:9,0
DA:13,0
DA:14,0
DA:17,0
DA:18,0
DA:19,0
DA:23,0
DA:24,0
DA:27,0
DA:28,0
DA:29,0
DA:33,0
DA:34,0
LF:17
LH:0
BRDA:5,0,0,0
BRDA:5,0,1,0
BRF:2
BRH:0
end_of_record
TN:
SF:src\modules\reviews\controllers\reviews.controller.ts
FN:5,(anonymous_0)
FN:7,getReviews
FN:18,createReview
FN:33,deleteReview
FNF:4
FNH:0
FNDA:0,(anonymous_0)
FNDA:0,getReviews
FNDA:0,createReview
FNDA:0,deleteReview
DA:2,0
DA:5,0
DA:7,0
DA:8,0
DA:9,0
DA:14,0
DA:15,0
DA:18,0
DA:19,0
DA:20,0
DA:21,0
DA:22,0
DA:24,0
DA:26,0
DA:27,0
DA:29,0
DA:30,0
DA:33,0
DA:34,0
DA:35,0
DA:36,0
DA:37,0
DA:38,0
DA:39,0
DA:41,0
DA:42,0
DA:44,0
DA:45,0
LF:28
LH:0
BRDA:5,0,0,0
BRDA:5,0,1,0
BRDA:22,1,0,0
BRDA:22,1,1,0
BRDA:27,2,0,0
BRDA:27,2,1,0
BRDA:37,3,0,0
BRDA:37,3,1,0
BRDA:38,4,0,0
BRDA:38,4,1,0
BRDA:42,5,0,0
BRDA:42,5,1,0
BRF:12
BRH:0
end_of_record
TN:
SF:src\modules\search\controllers\search.controller.ts
FN:7,addTerm
FN:17,(anonymous_1)
FN:24,getHistory
FN:31,(anonymous_3)
FN:35,clearHistory
FNF:5
FNH:0
FNDA:0,addTerm
FNDA:0,(anonymous_1)
FNDA:0,getHistory
FNDA:0,(anonymous_3)
FNDA:0,clearHistory
DA:2,0
DA:5,0
DA:7,0
DA:8,0
DA:9,0
DA:10,0
DA:11,0
DA:12,0
DA:16,0
DA:17,0
DA:18,0
DA:20,0
DA:21,0
DA:24,0
DA:25,0
DA:26,0
DA:31,0
DA:32,0
DA:35,0
DA:36,0
DA:37,0
DA:38,0
DA:39,0
LF:23
LH:0
BRDA:16,0,0,0
BRDA:16,0,1,0
BRF:2
BRH:0
end_of_record
TN:
SF:src\modules\user\controllers\user.controller.ts
FN:9,(anonymous_0)
FN:11,listUsers
FN:24,(anonymous_2)
FN:29,(anonymous_3)
FN:33,getUser
FN:41,updateUser
FN:54,uploadAvatar
FN:65,verifyUser
FN:77,getUserStats
FNF:9
FNH:0
FNDA:0,(anonymous_0)
FNDA:0,listUsers
FNDA:0,(anonymous_2)
FNDA:0,(anonymous_3)
FNDA:0,getUser
FNDA:0,updateUser
FNDA:0,uploadAvatar
FNDA:0,verifyUser
FNDA:0,getUserStats
DA:2,0
DA:4,0
DA:5,0
DA:6,0
DA:9,0
DA:11,0
DA:12,0
DA:13,0
DA:14,0
DA:15,0
DA:16,0
DA:18,0
DA:22,0
DA:23,0
DA:24,0
DA:25,0
DA:29,0
DA:30,0
DA:33,0
DA:34,0
DA:35,0
DA:36,0
DA:37,0
DA:38,0
DA:41,0
DA:42,0
DA:43,0
DA:44,0
DA:45,0
DA:49,0
DA:50,0
DA:51,0
DA:54,0
DA:55,0
DA:56,0
DA:57,0
DA:58,0
DA:59,0
DA:60,0
DA:61,0
DA:62,0
DA:65,0
DA:66,0
DA:67,0
DA:68,0
DA:69,0
DA:70,0
DA:73,0
DA:74,0
DA:77,0
DA:78,0
DA:79,0
DA:80,0
DA:85,0
DA:86,0
DA:87,0
LF:56
LH:0
BRDA:9,0,0,0
BRDA:9,0,1,0
BRDA:13,1,0,0
BRDA:13,1,1,0
BRDA:14,2,0,0
BRDA:14,2,1,0
BRDA:15,3,0,0
BRDA:15,3,1,0
BRDA:16,4,0,0
BRDA:16,4,1,0
BRDA:19,5,0,0
BRDA:19,5,1,0
BRDA:22,6,0,0
BRDA:22,6,1,0
BRDA:22,7,0,0
BRDA:22,7,1,0
BRDA:25,8,0,0
BRDA:25,8,1,0
BRDA:25,8,2,0
BRDA:36,9,0,0
BRDA:36,9,1,0
BRDA:44,10,0,0
BRDA:44,10,1,0
BRDA:57,11,0,0
BRDA:57,11,1,0
BRDA:58,12,0,0
BRDA:58,12,1,0
BRDA:68,13,0,0
BRDA:68,13,1,0
BRDA:85,14,0,0
BRDA:85,14,1,0
BRDA:86,15,0,0
BRDA:86,15,1,0
BRF:33
BRH:0
end_of_record
TN:
SF:src\utils\geo.ts
FN:1,haversineKm
FNF:1
FNH:1
FNDA:5,haversineKm
DA:1,1
DA:2,5
DA:3,5
DA:4,5
DA:6,5
DA:10,5
LF:6
LH:6
BRF:0
BRH:0
end_of_record
